#
# There is insufficient memory for the Java Runtime Environment to continue.
# Native memory allocation (mmap) failed to map 201326592 bytes for G1 virtual space
# Possible reasons:
#   The system is out of physical RAM or swap space
#   The process is running with CompressedOops enabled, and the Java Heap may be blocking the growth of the native heap
# Possible solutions:
#   Reduce memory load on the system
#   Increase physical memory or swap space
#   Check if swap backing store is full
#   Decrease Java heap size (-Xmx/-Xms)
#   Decrease number of Java threads
#   Decrease Java thread stack sizes (-Xss)
#   Set larger code cache with -XX:ReservedCodeCacheSize=
#   JVM is running with Zero Based Compressed Oops mode in which the Java heap is
#     placed in the first 32GB address space. The Java Heap base address is the
#     maximum limit for the native heap growth. Please use -XX:HeapBaseMinAddress
#     to set the Java Heap base and to place the Java Heap above 32GB virtual address.
# This output file may be truncated or incomplete.
#
#  Out of Memory Error (os_windows.cpp:3469), pid=22472, tid=10088
#
# JRE version:  (17.0+35) (build )
# Java VM: Java HotSpot(TM) 64-Bit Server VM (17+35-LTS-2724, mixed mode, emulated-client, sharing, tiered, compressed oops, compressed class ptrs, g1 gc, windows-amd64)
# No core dump will be written. Minidumps are not enabled by default on client versions of Windows
#

---------------  S U M M A R Y ------------

Command Line: -Dcom.sun.management.jmxremote -Dcom.sun.management.jmxremote.port=52172 -Dcom.sun.management.jmxremote.authenticate=false -Dcom.sun.management.jmxremote.ssl=false -Djava.rmi.server.hostname=localhost -Dspring.jmx.enabled=true -Dspring.application.admin.enabled=true -XX:TieredStopAtLevel=1 -Dspring.boot.project.name=SpringHumans -Dfile.encoding=UTF-8 -XX:+ShowCodeDetailsInExceptionMessages com.qa.Humans.SpringHumansApplication

Host: Intel(R) Core(TM) i7-2600 CPU @ 3.40GHz, 8 cores, 11G,  Windows 10 , 64 bit Build 19041 (10.0.19041.1202)
Time: Wed Nov  3 16:38:44 2021 GMT Standard Time elapsed time: 0.038915 seconds (0d 0h 0m 0s)

---------------  T H R E A D  ---------------

Current thread (0x000001dab23d9520):  JavaThread "Unknown thread" [_thread_in_vm, id=10088, stack(0x000000d068900000,0x000000d068a00000)]

Stack: [0x000000d068900000,0x000000d068a00000]
Native frames: (J=compiled Java code, j=interpreted, Vv=VM code, C=native code)
V  [jvm.dll+0x66f8ea]
V  [jvm.dll+0x7ce224]
V  [jvm.dll+0x7cf9ce]
V  [jvm.dll+0x7d0033]
V  [jvm.dll+0x242bb5]
V  [jvm.dll+0x66c909]
V  [jvm.dll+0x6613d2]
V  [jvm.dll+0x30082b]
V  [jvm.dll+0x307db6]
V  [jvm.dll+0x357a0e]
V  [jvm.dll+0x357c3f]
V  [jvm.dll+0x2d7ae8]
V  [jvm.dll+0x2d8a54]
V  [jvm.dll+0x7a00a1]
V  [jvm.dll+0x365781]
V  [jvm.dll+0x77f59c]
V  [jvm.dll+0x3e805f]
V  [jvm.dll+0x3e9b01]
C  [jli.dll+0x527b]
C  [ucrtbase.dll+0x21bb2]
C  [KERNEL32.DLL+0x17034]
C  [ntdll.dll+0x52651]


---------------  P R O C E S S  ---------------

Threads class SMR info:
_java_thread_list=0x00007ffaae3c7818, length=0, elements={
}

Java Threads: ( => current thread )

Other Threads:
  0x000001dab241e8f0 GCTaskThread "GC Thread#0" [stack: 0x000000d068a00000,0x000000d068b00000] [id=23944]
  0x000001dab242ce30 ConcurrentGCThread "G1 Main Marker" [stack: 0x000000d068b00000,0x000000d068c00000] [id=25924]
  0x000001dab242d750 ConcurrentGCThread "G1 Conc#0" [stack: 0x000000d068c00000,0x000000d068d00000] [id=20456]

[error occurred during error reporting (printing all threads), id 0xc0000005, EXCEPTION_ACCESS_VIOLATION (0xc0000005) at pc=0x00007ffaadc184c7]

VM state: not at safepoint (not fully initialized)

VM Mutex/Monitor currently owned by a thread:  ([mutex/lock_event])
[0x000001dab23d5ad0] Heap_lock - owner thread: 0x000001dab23d9520

Heap address: 0x0000000740c00000, size: 3060 MB, Compressed Oops mode: Zero based, Oop shift amount: 3

CDS archive(s) mapped at: [0x0000000000000000-0x0000000000000000-0x0000000000000000), size 0, SharedBaseAddress: 0x0000000800000000, ArchiveRelocationMode: 0.
Narrow klass base: 0x0000000000000000, Narrow klass shift: 0, Narrow klass range: 0x0

GC Precious Log:
<Empty>

Heap:
 garbage-first heap   total 0K, used 0K [0x0000000740c00000, 0x0000000800000000)
  region size 2048K, 0 young (0K), 0 survivors (0K)

[error occurred during error reporting (printing heap information), id 0xc0000005, EXCEPTION_ACCESS_VIOLATION (0xc0000005) at pc=0x00007ffaadff8c59]

GC Heap History (0 events):
No events

Deoptimization events (0 events):
No events

Classes unloaded (0 events):
No events

Classes redefined (0 events):
No events

Internal exceptions (0 events):
No events

VM Operations (0 events):
No events

Events (1 events):
Event: 0.006 Loaded shared library C:\Program Files\Java\jdk-17\bin\java.dll


Dynamic libraries:
0x00007ff774390000 - 0x00007ff7743a0000 	C:\Program Files\Java\jdk-17\bin\javaw.exe
0x00007ffb206f0000 - 0x00007ffb208e5000 	C:\WINDOWS\SYSTEM32\ntdll.dll
0x00007ffb1f610000 - 0x00007ffb1f6ce000 	C:\WINDOWS\System32\KERNEL32.DLL
0x00007ffb1e470000 - 0x00007ffb1e739000 	C:\WINDOWS\System32\KERNELBASE.dll
0x00007ffb1e1b0000 - 0x00007ffb1e2b0000 	C:\WINDOWS\System32\ucrtbase.dll
0x00007ffb1aa60000 - 0x00007ffb1aa7a000 	C:\Program Files\Java\jdk-17\bin\VCRUNTIME140.dll
0x00007ffb1b260000 - 0x00007ffb1b278000 	C:\Program Files\Java\jdk-17\bin\jli.dll
0x00007ffb1e740000 - 0x00007ffb1e7ec000 	C:\WINDOWS\System32\ADVAPI32.dll
0x00007ffb1e890000 - 0x00007ffb1e92e000 	C:\WINDOWS\System32\msvcrt.dll
0x00007ffb1e7f0000 - 0x00007ffb1e88b000 	C:\WINDOWS\System32\sechost.dll
0x00007ffb1f410000 - 0x00007ffb1f53a000 	C:\WINDOWS\System32\RPCRT4.dll
0x00007ffb1f7f0000 - 0x00007ffb1f991000 	C:\WINDOWS\System32\USER32.dll
0x00007ffb1e3f0000 - 0x00007ffb1e412000 	C:\WINDOWS\System32\win32u.dll
0x00007ffb1d210000 - 0x00007ffb1d4aa000 	C:\WINDOWS\WinSxS\amd64_microsoft.windows.common-controls_6595b64144ccf1df_6.0.19041.1110_none_60b5254171f9507e\COMCTL32.dll
0x00007ffb1ebe0000 - 0x00007ffb1ec0b000 	C:\WINDOWS\System32\GDI32.dll
0x00007ffb1df40000 - 0x00007ffb1e04b000 	C:\WINDOWS\System32\gdi32full.dll
0x00007ffb1de10000 - 0x00007ffb1dead000 	C:\WINDOWS\System32\msvcp_win.dll
0x00007ffb16080000 - 0x00007ffb1608a000 	C:\WINDOWS\SYSTEM32\VERSION.dll
0x00007ffb1f380000 - 0x00007ffb1f3b0000 	C:\WINDOWS\System32\IMM32.DLL
0x00007ffb1b7f0000 - 0x00007ffb1b7fc000 	C:\Program Files\Java\jdk-17\bin\vcruntime140_1.dll
0x00007ffb02680000 - 0x00007ffb0270d000 	C:\Program Files\Java\jdk-17\bin\msvcp140.dll
0x00007ffaad930000 - 0x00007ffaae4ee000 	C:\Program Files\Java\jdk-17\bin\server\jvm.dll
0x00007ffb1e9b0000 - 0x00007ffb1e9b8000 	C:\WINDOWS\System32\PSAPI.DLL
0x00007ffb04480000 - 0x00007ffb04489000 	C:\WINDOWS\SYSTEM32\WSOCK32.dll
0x00007ffb11b30000 - 0x00007ffb11b57000 	C:\WINDOWS\SYSTEM32\WINMM.dll
0x00007ffb1eb70000 - 0x00007ffb1ebdb000 	C:\WINDOWS\System32\WS2_32.dll
0x00007ffb1b0e0000 - 0x00007ffb1b0f2000 	C:\WINDOWS\SYSTEM32\kernel.appcore.dll
0x00007ffb1b740000 - 0x00007ffb1b74a000 	C:\Program Files\Java\jdk-17\bin\jimage.dll
0x00007ffb1d7b0000 - 0x00007ffb1d994000 	C:\WINDOWS\SYSTEM32\DBGHELP.DLL
0x00007ffb1d5e0000 - 0x00007ffb1d60c000 	C:\WINDOWS\SYSTEM32\dbgcore.DLL
0x00007ffb1e2b0000 - 0x00007ffb1e333000 	C:\WINDOWS\System32\bcryptPrimitives.dll
0x00007ffb0f0c0000 - 0x00007ffb0f0e5000 	C:\Program Files\Java\jdk-17\bin\java.dll

dbghelp: loaded successfully - version: 4.0.5 - missing functions: none
symbol engine: initialized successfully - sym options: 0x614 - pdb path: .;C:\Program Files\Java\jdk-17\bin;C:\WINDOWS\SYSTEM32;C:\WINDOWS\WinSxS\amd64_microsoft.windows.common-controls_6595b64144ccf1df_6.0.19041.1110_none_60b5254171f9507e;C:\Program Files\Java\jdk-17\bin\server

VM Arguments:
jvm_args: -Dcom.sun.management.jmxremote -Dcom.sun.management.jmxremote.port=52172 -Dcom.sun.management.jmxremote.authenticate=false -Dcom.sun.management.jmxremote.ssl=false -Djava.rmi.server.hostname=localhost -Dspring.jmx.enabled=true -Dspring.application.admin.enabled=true -XX:TieredStopAtLevel=1 -Dspring.boot.project.name=SpringHumans -Dfile.encoding=UTF-8 -XX:+ShowCodeDetailsInExceptionMessages 
java_command: com.qa.Humans.SpringHumansApplication
java_class_path (initial): C:\Users\Jumbe Home\OneDrive\Cloud academy\Java\SpringHumans\target\classes;C:\Users\Jumbe Home\.m2\repository\org\springframework\boot\spring-boot-starter-data-jpa\2.5.6\spring-boot-starter-data-jpa-2.5.6.jar;C:\Users\Jumbe Home\.m2\repository\org\springframework\boot\spring-boot-starter-aop\2.5.6\spring-boot-starter-aop-2.5.6.jar;C:\Users\Jumbe Home\.m2\repository\org\springframework\spring-aop\5.3.12\spring-aop-5.3.12.jar;C:\Users\Jumbe Home\.m2\repository\org\aspectj\aspectjweaver\1.9.7\aspectjweaver-1.9.7.jar;C:\Users\Jumbe Home\.m2\repository\org\springframework\boot\spring-boot-starter-jdbc\2.5.6\spring-boot-starter-jdbc-2.5.6.jar;C:\Users\Jumbe Home\.m2\repository\com\zaxxer\HikariCP\4.0.3\HikariCP-4.0.3.jar;C:\Users\Jumbe Home\.m2\repository\org\springframework\spring-jdbc\5.3.12\spring-jdbc-5.3.12.jar;C:\Users\Jumbe Home\.m2\repository\jakarta\transaction\jakarta.transaction-api\1.3.3\jakarta.transaction-api-1.3.3.jar;C:\Users\Jumbe Home\.m2\repository\jakarta\persistence\jakarta.persistence-api\2.2.3\jakarta.persistence-api-2.2.3.jar;C:\Users\Jumbe Home\.m2\repository\org\hibernate\hibernate-core\5.4.32.Final\hibernate-core-5.4.32.Final.jar;C:\Users\Jumbe Home\.m2\repository\org\jboss\logging\jboss-logging\3.4.2.Final\jboss-logging-3.4.2.Final.jar;C:\Users\Jumbe Home\.m2\repository\org\javassist\javassist\3.27.0-GA\javassist-3.27.0-GA.jar;C:\Users\Jumbe Home\.m2\repository\net\bytebuddy\byte-buddy\1.10.22\byte-buddy-1.10.22.jar;C:\Users\Jumbe Home\.m2\repository\antlr\antlr\2.7.7\antlr-2.7.7.jar;C:\Users\Jumbe Home\.m2\repository\org\jboss\jandex\2.2.3.Final\jandex-2.2.3.Final.jar;C:\Users\Jumbe Home\.m2\repository\com\fasterxml\classmate\1.5.1\classmate-1.5.1.jar;C:\Users\Jumbe Home\.m2\repository\org\dom4j\dom4j\2.1.3\dom4j-2.1.3.jar;C:\Users\Jumbe Home\.m2\repository\org\hibernate\common\hibernate-commons-annotations\5.1.2.Final\hibernate-commons-annotations-5.1.2.Final.jar;C:\Users\Jumbe Home\.m2\repository\org\glassfish\j
Launcher Type: SUN_STANDARD

[Global flags]
     intx CICompilerCount                          = 4                                         {product} {ergonomic}
     uint ConcGCThreads                            = 2                                         {product} {ergonomic}
     uint G1ConcRefinementThreads                  = 8                                         {product} {ergonomic}
   size_t G1HeapRegionSize                         = 2097152                                   {product} {ergonomic}
    uintx GCDrainStackTargetSize                   = 64                                        {product} {ergonomic}
   size_t InitialHeapSize                          = 201326592                                 {product} {ergonomic}
     bool ManagementServer                         = true                                      {product} {command line}
   size_t MarkStackSize                            = 4194304                                   {product} {ergonomic}
   size_t MaxHeapSize                              = 3208642560                                {product} {ergonomic}
   size_t MinHeapDeltaBytes                        = 2097152                                   {product} {ergonomic}
   size_t MinHeapSize                              = 8388608                                   {product} {ergonomic}
    uintx NonProfiledCodeHeapSize                  = 0                                      {pd product} {ergonomic}
     bool ProfileInterpreter                       = false                                  {pd product} {command line}
    uintx ProfiledCodeHeapSize                     = 0                                      {pd product} {ergonomic}
     bool ShowCodeDetailsInExceptionMessages       = true                                   {manageable} {command line}
   size_t SoftMaxHeapSize                          = 3208642560                             {manageable} {ergonomic}
     intx TieredStopAtLevel                        = 1                                         {product} {command line}
     bool UseCompressedClassPointers               = true                           {product lp64_product} {ergonomic}
     bool UseCompressedOops                        = true                           {product lp64_product} {ergonomic}
     bool UseG1GC                                  = true                                      {product} {ergonomic}
     bool UseLargePagesIndividualAllocation        = false                                  {pd product} {ergonomic}

Logging:
Log output configuration:
 #0: stdout all=warning uptime,level,tags
 #1: stderr all=off uptime,level,tags

Environment Variables:
JAVA_HOME=C:\Program Files\Java\jdk-17
PATH=C:/Program Files/Java/jdk-17/bin/server;C:/Program Files/Java/jdk-17/bin;C:\Program Files\Common Files\Oracle\Java\javapath;C:\WINDOWS\system32;C:\WINDOWS;C:\WINDOWS\System32\Wbem;C:\WINDOWS\System32\WindowsPowerShell\v1.0\;C:\WINDOWS\System32\OpenSSH\;C:\Program Files\Git\cmd;C:\Program Files (x86)\NVIDIA Corporation\PhysX\Common;C:\Program Files\NVIDIA Corporation\NVIDIA NvDLISR;C:\Program Files\Java\jdk-17\bin;C:\Program Files\Maven\apache-maven-3.8.3\bin;C:\Program Files\Java\jdk-17\bin;C:\Program Files\PostgreSQL\14\bin;C:\Users\Jumbe\Python\Scripts\;C:\Users\Jumbe\Python\;C:\Program Files\MySQL\MySQL Shell 8.0\bin\;C:\Users\Jumbe;C:\Users\Jumbe\Library\mingw-w64\bin;C:\Users\Jumbe\Library\usr\bin;C:\Users\Jumbe\Library\bin;C:\Users\Jumbe\Scripts;C:\Users\Jumbe Home\AppData\Local\Microsoft\WindowsApps;C:\Users\Jumbe\Microsoft VS Code\bin;C:\Program Files\JetBrains\IntelliJ IDEA Community Edition 2021.2.3\bin;;C:\WINDOWS\system32;
USERNAME=Jumbe Home
OS=Windows_NT
PROCESSOR_IDENTIFIER=Intel64 Family 6 Model 42 Stepping 7, GenuineIntel



---------------  S Y S T E M  ---------------

OS:
 Windows 10 , 64 bit Build 19041 (10.0.19041.1202)
OS uptime: 9 days 7:38 hours

CPU: total 8 (initial active 8) (4 cores per cpu, 2 threads per core) family 6 model 42 stepping 7 microcode 0x2f, cx8, cmov, fxsr, ht, mmx, sse, sse2, sse3, ssse3, sse4.1, sse4.2, popcnt, tsc, tscinvbit, avx, aes, clmul, vzeroupper, clflush

Memory: 4k page, system-wide physical 12232M (626M free)
TotalPageFile size 49096M (AvailPageFile size 55M)
current process WorkingSet (physical memory assigned to process): 10M, peak: 10M
current process commit charge ("private bytes"): 55M, peak: 247M

vm_info: Java HotSpot(TM) 64-Bit Server VM (17+35-LTS-2724) for windows-amd64 JRE (17+35-LTS-2724), built on Aug  5 2021 23:28:28 by "mach5one" with MS VC++ 16.8 (VS2019)

END.
